<?xml version="1.0" encoding="UTF-8"?>
<!-- Generated by org.testng.reporters.JUnitReportReporter -->
<testsuite hostname="XVMNOCLNRM212" name="functionaltest.ftat" tests="5" failures="0" timestamp="9 May 2017 13:59:45 GMT" time="22.778" errors="0">
  <testcase name="logouttest" time="0.475" classname="functionaltest.ftat"/>
  <testcase name="createrepairticket" time="1.795" classname="functionaltest.ftat"/>
  <testcase name="logintest" time="13.550" classname="functionaltest.ftat"/>
  <testcase name="pageredirection" time="1.499" classname="functionaltest.ftat"/>
  <testcase name="viewrepairticket" time="5.459" classname="functionaltest.ftat"/>
</testsuite> <!-- functionaltest.ftat -->
